FYSLapp/build/outputs/logs/manifest-merger-debug-report.txt
-- Merging decision tree log ---
manifest
ADDED from fangyuanshili0630\FYSLapp\AndroidManifest.xml:2:1-434:12
	package
		ADDED from fangyuanshili0630\FYSLapp\AndroidManifest.xml:3:5-27
		INJECTED from fangyuanshili0630\FYSLapp\AndroidManifest.xml
		INJECTED from fangyuanshili0630\FYSLapp\AndroidManifest.xml
	android:versionCode
		ADDED from fangyuanshili0630\FYSLapp\AndroidManifest.xml:4:5-28
		INJECTED from fangyuanshili0630\FYSLapp\AndroidManifest.xml
		INJECTED from fangyuanshili0630\FYSLapp\AndroidManifest.xml
	xmlns:android
		ADDED from fangyuanshili0630\FYSLapp\AndroidManifest.xml:2:11-69
uses-sdk
ADDED from fangyuanshili0630\FYSLapp\AndroidManifest.xml:6:5-8:41
MERGED from [com.android.support:multidex:1.0.1] AndroidManifest.xml:18:5-42
MERGED from [fangyuanshili0630:HX_Lib:unspecified] AndroidManifest.xml:7:5-9:41
MERGED from [fangyuanshili0630:library:unspecified] AndroidManifest.xml:7:5-9:40
	android:targetSdkVersion
		ADDED from fangyuanshili0630\FYSLapp\AndroidManifest.xml:8:9-38
		INJECTED from fangyuanshili0630\FYSLapp\AndroidManifest.xml
		INJECTED from fangyuanshili0630\FYSLapp\AndroidManifest.xml
	android:minSdkVersion
		ADDED from fangyuanshili0630\FYSLapp\AndroidManifest.xml:7:9-34
		INJECTED from fangyuanshili0630\FYSLapp\AndroidManifest.xml
		INJECTED from fangyuanshili0630\FYSLapp\AndroidManifest.xml
uses-permission#android.permission.VIBRATE
ADDED from fangyuanshili0630\FYSLapp\AndroidManifest.xml:10:5-66
	android:name
		ADDED from fangyuanshili0630\FYSLapp\AndroidManifest.xml:10:22-63
uses-permission#android.permission.INTERNET
ADDED from fangyuanshili0630\FYSLapp\AndroidManifest.xml:11:5-67
	android:name
		ADDED from fangyuanshili0630\FYSLapp\AndroidManifest.xml:11:22-64
uses-permission#android.permission.RECORD_AUDIO
ADDED from fangyuanshili0630\FYSLapp\AndroidManifest.xml:12:5-71
	android:name
		ADDED from fangyuanshili0630\FYSLapp\AndroidManifest.xml:12:22-68
uses-permission#android.permission.CAMERA
ADDED from fangyuanshili0630\FYSLapp\AndroidManifest.xml:13:5-65
	android:name
		ADDED from fangyuanshili0630\FYSLapp\AndroidManifest.xml:13:22-62
uses-permission#android.permission.ACCESS_NETWORK_STATE
ADDED from fangyuanshili0630\FYSLapp\AndroidManifest.xml:14:5-79
	android:name
		ADDED from fangyuanshili0630\FYSLapp\AndroidManifest.xml:14:22-76
uses-permission#android.permission.WRITE_EXTERNAL_STORAGE
ADDED from fangyuanshili0630\FYSLapp\AndroidManifest.xml:15:5-81
	android:name
		ADDED from fangyuanshili0630\FYSLapp\AndroidManifest.xml:15:22-78
uses-permission#android.permission.MOUNT_UNMOUNT_FILESYSTEMS
ADDED from fangyuanshili0630\FYSLapp\AndroidManifest.xml:16:5-84
	android:name
		ADDED from fangyuanshili0630\FYSLapp\AndroidManifest.xml:16:22-81
uses-permission#android.permission.ACCESS_FINE_LOCATION
ADDED from fangyuanshili0630\FYSLapp\AndroidManifest.xml:17:5-79
	android:name
		ADDED from fangyuanshili0630\FYSLapp\AndroidManifest.xml:17:22-76
uses-permission#android.permission.GET_TASKS
ADDED from fangyuanshili0630\FYSLapp\AndroidManifest.xml:18:5-68
	android:name
		ADDED from fangyuanshili0630\FYSLapp\AndroidManifest.xml:18:22-65
uses-permission#android.permission.ACCESS_WIFI_STATE
ADDED from fangyuanshili0630\FYSLapp\AndroidManifest.xml:19:5-76
	android:name
		ADDED from fangyuanshili0630\FYSLapp\AndroidManifest.xml:19:22-73
uses-permission#android.permission.CHANGE_WIFI_STATE
ADDED from fangyuanshili0630\FYSLapp\AndroidManifest.xml:20:5-76
	android:name
		ADDED from fangyuanshili0630\FYSLapp\AndroidManifest.xml:20:22-73
uses-permission#android.permission.WAKE_LOCK
ADDED from fangyuanshili0630\FYSLapp\AndroidManifest.xml:21:5-68
	android:name
		ADDED from fangyuanshili0630\FYSLapp\AndroidManifest.xml:21:22-65
uses-permission#android.permission.MODIFY_AUDIO_SETTINGS
ADDED from fangyuanshili0630\FYSLapp\AndroidManifest.xml:22:5-80
	android:name
		ADDED from fangyuanshili0630\FYSLapp\AndroidManifest.xml:22:22-77
uses-permission#android.permission.READ_PHONE_STATE
ADDED from fangyuanshili0630\FYSLapp\AndroidManifest.xml:23:5-75
	android:name
		ADDED from fangyuanshili0630\FYSLapp\AndroidManifest.xml:23:22-72
uses-permission#android.permission.RECEIVE_BOOT_COMPLETED
ADDED from fangyuanshili0630\FYSLapp\AndroidManifest.xml:24:5-81
	android:name
		ADDED from fangyuanshili0630\FYSLapp\AndroidManifest.xml:24:22-78
uses-permission#android.permission.GET_ACCOUNTS
ADDED from fangyuanshili0630\FYSLapp\AndroidManifest.xml:25:5-71
	android:name
		ADDED from fangyuanshili0630\FYSLapp\AndroidManifest.xml:25:22-68
uses-permission#android.permission.USE_CREDENTIALS
ADDED from fangyuanshili0630\FYSLapp\AndroidManifest.xml:26:5-74
	android:name
		ADDED from fangyuanshili0630\FYSLapp\AndroidManifest.xml:26:22-71
uses-permission#android.permission.MANAGE_ACCOUNTS
ADDED from fangyuanshili0630\FYSLapp\AndroidManifest.xml:27:5-74
	android:name
		ADDED from fangyuanshili0630\FYSLapp\AndroidManifest.xml:27:22-71
uses-permission#android.permission.AUTHENTICATE_ACCOUNTS
ADDED from fangyuanshili0630\FYSLapp\AndroidManifest.xml:28:5-80
	android:name
		ADDED from fangyuanshili0630\FYSLapp\AndroidManifest.xml:28:22-77
uses-permission#com.android.launcher.permission.READ_SETTINGS
ADDED from fangyuanshili0630\FYSLapp\AndroidManifest.xml:29:5-85
	android:name
		ADDED from fangyuanshili0630\FYSLapp\AndroidManifest.xml:29:22-82
uses-permission#android.permission.BROADCAST_STICKY
ADDED from fangyuanshili0630\FYSLapp\AndroidManifest.xml:30:5-75
	android:name
		ADDED from fangyuanshili0630\FYSLapp\AndroidManifest.xml:30:22-72
uses-permission#android.permission.WRITE_SETTINGS
ADDED from fangyuanshili0630\FYSLapp\AndroidManifest.xml:31:5-73
	android:name
		ADDED from fangyuanshili0630\FYSLapp\AndroidManifest.xml:31:22-70
uses-permission#com.google.android.c2dm.permission.RECEIVE
ADDED from fangyuanshili0630\FYSLapp\AndroidManifest.xml:32:5-82
	android:name
		ADDED from fangyuanshili0630\FYSLapp\AndroidManifest.xml:32:22-79
permission#com.fysl.app.permission.C2D_MESSAGE
ADDED from fangyuanshili0630\FYSLapp\AndroidManifest.xml:34:5-36:47
	android:protectionLevel
		ADDED from fangyuanshili0630\FYSLapp\AndroidManifest.xml:36:9-44
	android:name
		ADDED from fangyuanshili0630\FYSLapp\AndroidManifest.xml:35:9-59
uses-permission#com.fysl.app.permission.C2D_MESSAGE
ADDED from fangyuanshili0630\FYSLapp\AndroidManifest.xml:38:5-75
	android:name
		ADDED from fangyuanshili0630\FYSLapp\AndroidManifest.xml:38:22-72
permission#com.fysl.app.permission.MIPUSH_RECEIVE
ADDED from fangyuanshili0630\FYSLapp\AndroidManifest.xml:40:5-42:47
	android:protectionLevel
		ADDED from fangyuanshili0630\FYSLapp\AndroidManifest.xml:42:9-44
	android:name
		ADDED from fangyuanshili0630\FYSLapp\AndroidManifest.xml:41:9-62
uses-permission#com.fysl.app.permission.MIPUSH_RECEIVE
ADDED from fangyuanshili0630\FYSLapp\AndroidManifest.xml:44:5-78
	android:name
		ADDED from fangyuanshili0630\FYSLapp\AndroidManifest.xml:44:22-75
application
ADDED from fangyuanshili0630\FYSLapp\AndroidManifest.xml:46:5-432:19
MERGED from [fangyuanshili0630:library:unspecified] AndroidManifest.xml:11:5-20
	android:label
		ADDED from fangyuanshili0630\FYSLapp\AndroidManifest.xml:50:9-41
	android:allowBackup
		ADDED from fangyuanshili0630\FYSLapp\AndroidManifest.xml:48:9-35
	android:icon
		ADDED from fangyuanshili0630\FYSLapp\AndroidManifest.xml:49:9-43
	android:name
		ADDED from fangyuanshili0630\FYSLapp\AndroidManifest.xml:47:9-52
activity#com.fysl.app.main.MainActivity
ADDED from fangyuanshili0630\FYSLapp\AndroidManifest.xml:51:9-56:64
	android:screenOrientation
		ADDED from fangyuanshili0630\FYSLapp\AndroidManifest.xml:54:13-49
	android:launchMode
		ADDED from fangyuanshili0630\FYSLapp\AndroidManifest.xml:53:13-44
	android:windowSoftInputMode
		ADDED from fangyuanshili0630\FYSLapp\AndroidManifest.xml:56:13-52
	android:theme
		ADDED from fangyuanshili0630\FYSLapp\AndroidManifest.xml:55:13-52
	android:name
		ADDED from fangyuanshili0630\FYSLapp\AndroidManifest.xml:52:13-58
activity#com.fysl.app.main.SplashActivity
ADDED from fangyuanshili0630\FYSLapp\AndroidManifest.xml:59:9-68:20
	android:screenOrientation
		ADDED from fangyuanshili0630\FYSLapp\AndroidManifest.xml:61:13-49
	android:theme
		ADDED from fangyuanshili0630\FYSLapp\AndroidManifest.xml:62:13-52
	android:name
		ADDED from fangyuanshili0630\FYSLapp\AndroidManifest.xml:60:13-60
intent-filter#android.intent.action.MAIN+android.intent.category.LAUNCHER
ADDED from fangyuanshili0630\FYSLapp\AndroidManifest.xml:63:13-67:29
action#android.intent.action.MAIN
ADDED from fangyuanshili0630\FYSLapp\AndroidManifest.xml:64:17-69
	android:name
		ADDED from fangyuanshili0630\FYSLapp\AndroidManifest.xml:64:25-66
category#android.intent.category.LAUNCHER
ADDED from fangyuanshili0630\FYSLapp\AndroidManifest.xml:66:17-77
	android:name
		ADDED from fangyuanshili0630\FYSLapp\AndroidManifest.xml:66:27-74
activity#com.fysl.app.main.MyQrActivity
ADDED from fangyuanshili0630\FYSLapp\AndroidManifest.xml:69:9-73:64
	android:screenOrientation
		ADDED from fangyuanshili0630\FYSLapp\AndroidManifest.xml:71:13-49
	android:windowSoftInputMode
		ADDED from fangyuanshili0630\FYSLapp\AndroidManifest.xml:73:13-52
	android:theme
		ADDED from fangyuanshili0630\FYSLapp\AndroidManifest.xml:72:13-52
	android:name
		ADDED from fangyuanshili0630\FYSLapp\AndroidManifest.xml:70:13-58
activity#com.fysl.app.main.ThingDetailActivity
ADDED from fangyuanshili0630\FYSLapp\AndroidManifest.xml:74:9-78:79
	android:screenOrientation
		ADDED from fangyuanshili0630\FYSLapp\AndroidManifest.xml:76:13-49
	android:windowSoftInputMode
		ADDED from fangyuanshili0630\FYSLapp\AndroidManifest.xml:78:13-67
	android:theme
		ADDED from fangyuanshili0630\FYSLapp\AndroidManifest.xml:77:13-52
	android:name
		ADDED from fangyuanshili0630\FYSLapp\AndroidManifest.xml:75:13-65
activity#com.fysl.app.main.UserDetailActivity
ADDED from fangyuanshili0630\FYSLapp\AndroidManifest.xml:79:9-83:64
	android:screenOrientation
		ADDED from fangyuanshili0630\FYSLapp\AndroidManifest.xml:81:13-49
	android:windowSoftInputMode
		ADDED from fangyuanshili0630\FYSLapp\AndroidManifest.xml:83:13-52
	android:theme
		ADDED from fangyuanshili0630\FYSLapp\AndroidManifest.xml:82:13-52
	android:name
		ADDED from fangyuanshili0630\FYSLapp\AndroidManifest.xml:80:13-64
activity#com.fysl.app.main.MyThingsActivity
ADDED from fangyuanshili0630\FYSLapp\AndroidManifest.xml:84:9-88:64
	android:screenOrientation
		ADDED from fangyuanshili0630\FYSLapp\AndroidManifest.xml:86:13-49
	android:windowSoftInputMode
		ADDED from fangyuanshili0630\FYSLapp\AndroidManifest.xml:88:13-52
	android:theme
		ADDED from fangyuanshili0630\FYSLapp\AndroidManifest.xml:87:13-52
	android:name
		ADDED from fangyuanshili0630\FYSLapp\AndroidManifest.xml:85:13-62
activity#com.fysl.app.main.BigImageActivity
ADDED from fangyuanshili0630\FYSLapp\AndroidManifest.xml:89:9-93:64
	android:screenOrientation
		ADDED from fangyuanshili0630\FYSLapp\AndroidManifest.xml:91:13-49
	android:windowSoftInputMode
		ADDED from fangyuanshili0630\FYSLapp\AndroidManifest.xml:93:13-52
	android:theme
		ADDED from fangyuanshili0630\FYSLapp\AndroidManifest.xml:92:13-52
	android:name
		ADDED from fangyuanshili0630\FYSLapp\AndroidManifest.xml:90:13-62
activity#com.fysl.app.main.LoginActivity
ADDED from fangyuanshili0630\FYSLapp\AndroidManifest.xml:96:9-100:80
	android:screenOrientation
		ADDED from fangyuanshili0630\FYSLapp\AndroidManifest.xml:98:13-49
	android:windowSoftInputMode
		ADDED from fangyuanshili0630\FYSLapp\AndroidManifest.xml:100:13-68
	android:theme
		ADDED from fangyuanshili0630\FYSLapp\AndroidManifest.xml:99:13-52
	android:name
		ADDED from fangyuanshili0630\FYSLapp\AndroidManifest.xml:97:13-59
activity#com.zbar.scan.ScanCaptureAct
ADDED from fangyuanshili0630\FYSLapp\AndroidManifest.xml:101:9-104:64
	android:screenOrientation
		ADDED from fangyuanshili0630\FYSLapp\AndroidManifest.xml:103:13-49
	android:theme
		ADDED from fangyuanshili0630\FYSLapp\AndroidManifest.xml:104:13-52
	android:name
		ADDED from fangyuanshili0630\FYSLapp\AndroidManifest.xml:102:13-56
activity#com.fysl.app.main.RegisterActivity
ADDED from fangyuanshili0630\FYSLapp\AndroidManifest.xml:107:9-111:80
	android:screenOrientation
		ADDED from fangyuanshili0630\FYSLapp\AndroidManifest.xml:109:13-49
	android:windowSoftInputMode
		ADDED from fangyuanshili0630\FYSLapp\AndroidManifest.xml:111:13-68
	android:theme
		ADDED from fangyuanshili0630\FYSLapp\AndroidManifest.xml:110:13-52
	android:name
		ADDED from fangyuanshili0630\FYSLapp\AndroidManifest.xml:108:13-62
activity#com.fysl.app.main.ChatActivity
ADDED from fangyuanshili0630\FYSLapp\AndroidManifest.xml:113:9-118:67
	android:screenOrientation
		ADDED from fangyuanshili0630\FYSLapp\AndroidManifest.xml:116:13-49
	android:launchMode
		ADDED from fangyuanshili0630\FYSLapp\AndroidManifest.xml:115:13-44
	android:windowSoftInputMode
		ADDED from fangyuanshili0630\FYSLapp\AndroidManifest.xml:118:13-55
	android:theme
		ADDED from fangyuanshili0630\FYSLapp\AndroidManifest.xml:117:13-52
	android:name
		ADDED from fangyuanshili0630\FYSLapp\AndroidManifest.xml:114:13-58
activity#com.hyphenate.applib.ui.ChatActivity
ADDED from fangyuanshili0630\FYSLapp\AndroidManifest.xml:120:9-125:67
	android:screenOrientation
		ADDED from fangyuanshili0630\FYSLapp\AndroidManifest.xml:123:13-49
	android:launchMode
		ADDED from fangyuanshili0630\FYSLapp\AndroidManifest.xml:122:13-43
	android:windowSoftInputMode
		ADDED from fangyuanshili0630\FYSLapp\AndroidManifest.xml:125:13-55
	android:theme
		ADDED from fangyuanshili0630\FYSLapp\AndroidManifest.xml:124:13-52
	android:name
		ADDED from fangyuanshili0630\FYSLapp\AndroidManifest.xml:121:13-64
activity#com.fysl.app.ui.AddContactActivity
ADDED from fangyuanshili0630\FYSLapp\AndroidManifest.xml:127:9-131:67
	android:screenOrientation
		ADDED from fangyuanshili0630\FYSLapp\AndroidManifest.xml:129:13-49
	android:windowSoftInputMode
		ADDED from fangyuanshili0630\FYSLapp\AndroidManifest.xml:131:13-55
	android:theme
		ADDED from fangyuanshili0630\FYSLapp\AndroidManifest.xml:130:13-52
	android:name
		ADDED from fangyuanshili0630\FYSLapp\AndroidManifest.xml:128:13-62
activity#com.fysl.app.ui.GroupDetailsActivity
ADDED from fangyuanshili0630\FYSLapp\AndroidManifest.xml:133:9-136:64
	android:screenOrientation
		ADDED from fangyuanshili0630\FYSLapp\AndroidManifest.xml:135:13-49
	android:theme
		ADDED from fangyuanshili0630\FYSLapp\AndroidManifest.xml:136:13-52
	android:name
		ADDED from fangyuanshili0630\FYSLapp\AndroidManifest.xml:134:13-64
activity#com.fysl.app.ui.GroupsActivity
ADDED from fangyuanshili0630\FYSLapp\AndroidManifest.xml:138:9-142:64
	android:screenOrientation
		ADDED from fangyuanshili0630\FYSLapp\AndroidManifest.xml:140:13-49
	android:windowSoftInputMode
		ADDED from fangyuanshili0630\FYSLapp\AndroidManifest.xml:142:13-52
	android:theme
		ADDED from fangyuanshili0630\FYSLapp\AndroidManifest.xml:141:13-52
	android:name
		ADDED from fangyuanshili0630\FYSLapp\AndroidManifest.xml:139:13-58
activity#com.fysl.app.ui.ChatRoomActivity
ADDED from fangyuanshili0630\FYSLapp\AndroidManifest.xml:143:9-147:64
	android:screenOrientation
		ADDED from fangyuanshili0630\FYSLapp\AndroidManifest.xml:145:13-49
	android:windowSoftInputMode
		ADDED from fangyuanshili0630\FYSLapp\AndroidManifest.xml:147:13-52
	android:theme
		ADDED from fangyuanshili0630\FYSLapp\AndroidManifest.xml:146:13-52
	android:name
		ADDED from fangyuanshili0630\FYSLapp\AndroidManifest.xml:144:13-60
activity#com.fysl.app.ui.ChatRoomDetailsActivity
ADDED from fangyuanshili0630\FYSLapp\AndroidManifest.xml:149:9-152:64
	android:screenOrientation
		ADDED from fangyuanshili0630\FYSLapp\AndroidManifest.xml:151:13-49
	android:theme
		ADDED from fangyuanshili0630\FYSLapp\AndroidManifest.xml:152:13-52
	android:name
		ADDED from fangyuanshili0630\FYSLapp\AndroidManifest.xml:150:13-67
activity#com.fysl.app.ui.NewGroupActivity
ADDED from fangyuanshili0630\FYSLapp\AndroidManifest.xml:155:9-159:64
	android:screenOrientation
		ADDED from fangyuanshili0630\FYSLapp\AndroidManifest.xml:157:13-49
	android:windowSoftInputMode
		ADDED from fangyuanshili0630\FYSLapp\AndroidManifest.xml:159:13-52
	android:theme
		ADDED from fangyuanshili0630\FYSLapp\AndroidManifest.xml:158:13-52
	android:name
		ADDED from fangyuanshili0630\FYSLapp\AndroidManifest.xml:156:13-60
activity#com.fysl.app.ui.ExitGroupDialog
ADDED from fangyuanshili0630\FYSLapp\AndroidManifest.xml:161:9-164:67
	android:screenOrientation
		ADDED from fangyuanshili0630\FYSLapp\AndroidManifest.xml:163:13-49
	android:theme
		ADDED from fangyuanshili0630\FYSLapp\AndroidManifest.xml:164:13-55
	android:name
		ADDED from fangyuanshili0630\FYSLapp\AndroidManifest.xml:162:13-59
activity#com.fysl.app.ui.GroupPickContactsActivity
ADDED from fangyuanshili0630\FYSLapp\AndroidManifest.xml:166:9-170:64
	android:screenOrientation
		ADDED from fangyuanshili0630\FYSLapp\AndroidManifest.xml:168:13-49
	android:windowSoftInputMode
		ADDED from fangyuanshili0630\FYSLapp\AndroidManifest.xml:170:13-52
	android:theme
		ADDED from fangyuanshili0630\FYSLapp\AndroidManifest.xml:169:13-52
	android:name
		ADDED from fangyuanshili0630\FYSLapp\AndroidManifest.xml:167:13-69
activity#com.hyphenate.easeui.ui.EaseBaiduMapActivity
ADDED from fangyuanshili0630\FYSLapp\AndroidManifest.xml:172:9-175:64
	android:screenOrientation
		ADDED from fangyuanshili0630\FYSLapp\AndroidManifest.xml:174:13-49
	android:theme
		ADDED from fangyuanshili0630\FYSLapp\AndroidManifest.xml:175:13-52
	android:name
		ADDED from fangyuanshili0630\FYSLapp\AndroidManifest.xml:173:13-72
activity#com.fysl.app.ui.NewFriendsMsgActivity
ADDED from fangyuanshili0630\FYSLapp\AndroidManifest.xml:178:9-181:64
	android:screenOrientation
		ADDED from fangyuanshili0630\FYSLapp\AndroidManifest.xml:180:13-49
	android:theme
		ADDED from fangyuanshili0630\FYSLapp\AndroidManifest.xml:181:13-52
	android:name
		ADDED from fangyuanshili0630\FYSLapp\AndroidManifest.xml:179:13-65
activity#com.fysl.app.ui.ForwardMessageActivity
ADDED from fangyuanshili0630\FYSLapp\AndroidManifest.xml:183:9-187:64
	android:screenOrientation
		ADDED from fangyuanshili0630\FYSLapp\AndroidManifest.xml:185:13-49
	android:windowSoftInputMode
		ADDED from fangyuanshili0630\FYSLapp\AndroidManifest.xml:187:13-52
	android:theme
		ADDED from fangyuanshili0630\FYSLapp\AndroidManifest.xml:186:13-52
	android:name
		ADDED from fangyuanshili0630\FYSLapp\AndroidManifest.xml:184:13-66
activity#com.fysl.app.ui.ContextMenuActivity
ADDED from fangyuanshili0630\FYSLapp\AndroidManifest.xml:189:9-192:61
	android:screenOrientation
		ADDED from fangyuanshili0630\FYSLapp\AndroidManifest.xml:191:13-49
	android:theme
		ADDED from fangyuanshili0630\FYSLapp\AndroidManifest.xml:192:13-49
	android:name
		ADDED from fangyuanshili0630\FYSLapp\AndroidManifest.xml:190:13-63
activity#com.hyphenate.easeui.ui.EaseShowBigImageActivity
ADDED from fangyuanshili0630\FYSLapp\AndroidManifest.xml:194:9-197:64
	android:screenOrientation
		ADDED from fangyuanshili0630\FYSLapp\AndroidManifest.xml:196:13-49
	android:theme
		ADDED from fangyuanshili0630\FYSLapp\AndroidManifest.xml:197:13-52
	android:name
		ADDED from fangyuanshili0630\FYSLapp\AndroidManifest.xml:195:13-76
activity#com.hyphenate.easeui.ui.EaseShowNormalFileActivity
ADDED from fangyuanshili0630\FYSLapp\AndroidManifest.xml:199:9-202:64
	android:screenOrientation
		ADDED from fangyuanshili0630\FYSLapp\AndroidManifest.xml:201:13-49
	android:theme
		ADDED from fangyuanshili0630\FYSLapp\AndroidManifest.xml:202:13-52
	android:name
		ADDED from fangyuanshili0630\FYSLapp\AndroidManifest.xml:200:13-78
activity#com.fysl.app.ui.BlacklistActivity
ADDED from fangyuanshili0630\FYSLapp\AndroidManifest.xml:204:9-207:64
	android:screenOrientation
		ADDED from fangyuanshili0630\FYSLapp\AndroidManifest.xml:206:13-49
	android:theme
		ADDED from fangyuanshili0630\FYSLapp\AndroidManifest.xml:207:13-52
	android:name
		ADDED from fangyuanshili0630\FYSLapp\AndroidManifest.xml:205:13-61
activity#com.fysl.app.ui.PublicGroupsActivity
ADDED from fangyuanshili0630\FYSLapp\AndroidManifest.xml:210:9-214:64
	android:screenOrientation
		ADDED from fangyuanshili0630\FYSLapp\AndroidManifest.xml:212:13-49
	android:windowSoftInputMode
		ADDED from fangyuanshili0630\FYSLapp\AndroidManifest.xml:214:13-52
	android:theme
		ADDED from fangyuanshili0630\FYSLapp\AndroidManifest.xml:213:13-52
	android:name
		ADDED from fangyuanshili0630\FYSLapp\AndroidManifest.xml:211:13-64
activity#com.fysl.app.ui.PublicChatRoomsActivity
ADDED from fangyuanshili0630\FYSLapp\AndroidManifest.xml:215:9-219:64
	android:screenOrientation
		ADDED from fangyuanshili0630\FYSLapp\AndroidManifest.xml:217:13-49
	android:windowSoftInputMode
		ADDED from fangyuanshili0630\FYSLapp\AndroidManifest.xml:219:13-52
	android:theme
		ADDED from fangyuanshili0630\FYSLapp\AndroidManifest.xml:218:13-52
	android:name
		ADDED from fangyuanshili0630\FYSLapp\AndroidManifest.xml:216:13-67
activity#com.fysl.app.ui.VoiceCallActivity
ADDED from fangyuanshili0630\FYSLapp\AndroidManifest.xml:222:9-226:60
	android:screenOrientation
		ADDED from fangyuanshili0630\FYSLapp\AndroidManifest.xml:225:13-49
	android:launchMode
		ADDED from fangyuanshili0630\FYSLapp\AndroidManifest.xml:224:13-44
	android:theme
		ADDED from fangyuanshili0630\FYSLapp\AndroidManifest.xml:226:13-48
	android:name
		ADDED from fangyuanshili0630\FYSLapp\AndroidManifest.xml:223:13-61
activity#com.fysl.app.ui.VideoCallActivity
ADDED from fangyuanshili0630\FYSLapp\AndroidManifest.xml:228:9-233:64
	android:screenOrientation
		ADDED from fangyuanshili0630\FYSLapp\AndroidManifest.xml:232:13-49
	android:launchMode
		ADDED from fangyuanshili0630\FYSLapp\AndroidManifest.xml:231:13-44
	android:configChanges
		ADDED from fangyuanshili0630\FYSLapp\AndroidManifest.xml:230:13-74
	android:theme
		ADDED from fangyuanshili0630\FYSLapp\AndroidManifest.xml:233:13-52
	android:name
		ADDED from fangyuanshili0630\FYSLapp\AndroidManifest.xml:229:13-61
activity#com.fysl.app.ui.GroupSimpleDetailActivity
ADDED from fangyuanshili0630\FYSLapp\AndroidManifest.xml:235:9-238:64
	android:screenOrientation
		ADDED from fangyuanshili0630\FYSLapp\AndroidManifest.xml:237:13-49
	android:theme
		ADDED from fangyuanshili0630\FYSLapp\AndroidManifest.xml:238:13-52
	android:name
		ADDED from fangyuanshili0630\FYSLapp\AndroidManifest.xml:236:13-69
activity#com.fysl.app.ui.GroupBlacklistActivity
ADDED from fangyuanshili0630\FYSLapp\AndroidManifest.xml:240:9-243:64
	android:screenOrientation
		ADDED from fangyuanshili0630\FYSLapp\AndroidManifest.xml:242:13-49
	android:theme
		ADDED from fangyuanshili0630\FYSLapp\AndroidManifest.xml:243:13-52
	android:name
		ADDED from fangyuanshili0630\FYSLapp\AndroidManifest.xml:241:13-66
activity#com.fysl.app.ui.PublicGroupsSeachActivity
ADDED from fangyuanshili0630\FYSLapp\AndroidManifest.xml:244:9-247:64
	android:screenOrientation
		ADDED from fangyuanshili0630\FYSLapp\AndroidManifest.xml:246:13-49
	android:theme
		ADDED from fangyuanshili0630\FYSLapp\AndroidManifest.xml:247:13-52
	android:name
		ADDED from fangyuanshili0630\FYSLapp\AndroidManifest.xml:245:13-69
activity#com.fysl.app.ui.EditActivity
ADDED from fangyuanshili0630\FYSLapp\AndroidManifest.xml:248:9-252:67
	android:screenOrientation
		ADDED from fangyuanshili0630\FYSLapp\AndroidManifest.xml:250:13-49
	android:windowSoftInputMode
		ADDED from fangyuanshili0630\FYSLapp\AndroidManifest.xml:252:13-55
	android:theme
		ADDED from fangyuanshili0630\FYSLapp\AndroidManifest.xml:251:13-52
	android:name
		ADDED from fangyuanshili0630\FYSLapp\AndroidManifest.xml:249:13-56
activity#com.hyphenate.easeui.ui.EaseShowVideoActivity
ADDED from fangyuanshili0630\FYSLapp\AndroidManifest.xml:253:9-257:72
	android:screenOrientation
		ADDED from fangyuanshili0630\FYSLapp\AndroidManifest.xml:255:13-49
	android:windowSoftInputMode
		ADDED from fangyuanshili0630\FYSLapp\AndroidManifest.xml:257:13-60
	android:theme
		ADDED from fangyuanshili0630\FYSLapp\AndroidManifest.xml:256:13-52
	android:name
		ADDED from fangyuanshili0630\FYSLapp\AndroidManifest.xml:254:13-73
activity#com.fysl.app.ui.ImageGridActivity
ADDED from fangyuanshili0630\FYSLapp\AndroidManifest.xml:259:9-263:72
	android:screenOrientation
		ADDED from fangyuanshili0630\FYSLapp\AndroidManifest.xml:261:13-49
	android:windowSoftInputMode
		ADDED from fangyuanshili0630\FYSLapp\AndroidManifest.xml:263:13-60
	android:theme
		ADDED from fangyuanshili0630\FYSLapp\AndroidManifest.xml:262:13-52
	android:name
		ADDED from fangyuanshili0630\FYSLapp\AndroidManifest.xml:260:13-61
activity#com.fysl.app.ui.RecorderVideoActivity
ADDED from fangyuanshili0630\FYSLapp\AndroidManifest.xml:264:9-268:72
	android:screenOrientation
		ADDED from fangyuanshili0630\FYSLapp\AndroidManifest.xml:266:13-49
	android:windowSoftInputMode
		ADDED from fangyuanshili0630\FYSLapp\AndroidManifest.xml:268:13-60
	android:theme
		ADDED from fangyuanshili0630\FYSLapp\AndroidManifest.xml:267:13-52
	android:name
		ADDED from fangyuanshili0630\FYSLapp\AndroidManifest.xml:265:13-65
activity#com.fysl.app.ui.DiagnoseActivity
ADDED from fangyuanshili0630\FYSLapp\AndroidManifest.xml:270:9-274:72
	android:screenOrientation
		ADDED from fangyuanshili0630\FYSLapp\AndroidManifest.xml:272:13-49
	android:windowSoftInputMode
		ADDED from fangyuanshili0630\FYSLapp\AndroidManifest.xml:274:13-60
	android:theme
		ADDED from fangyuanshili0630\FYSLapp\AndroidManifest.xml:273:13-52
	android:name
		ADDED from fangyuanshili0630\FYSLapp\AndroidManifest.xml:271:13-60
activity#com.fysl.app.ui.OfflinePushNickActivity
ADDED from fangyuanshili0630\FYSLapp\AndroidManifest.xml:277:9-281:72
	android:screenOrientation
		ADDED from fangyuanshili0630\FYSLapp\AndroidManifest.xml:279:13-49
	android:windowSoftInputMode
		ADDED from fangyuanshili0630\FYSLapp\AndroidManifest.xml:281:13-60
	android:theme
		ADDED from fangyuanshili0630\FYSLapp\AndroidManifest.xml:280:13-52
	android:name
		ADDED from fangyuanshili0630\FYSLapp\AndroidManifest.xml:278:13-67
activity#com.fysl.app.ui.RobotsActivity
ADDED from fangyuanshili0630\FYSLapp\AndroidManifest.xml:283:9-287:72
	android:screenOrientation
		ADDED from fangyuanshili0630\FYSLapp\AndroidManifest.xml:285:13-49
	android:windowSoftInputMode
		ADDED from fangyuanshili0630\FYSLapp\AndroidManifest.xml:287:13-60
	android:theme
		ADDED from fangyuanshili0630\FYSLapp\AndroidManifest.xml:286:13-52
	android:name
		ADDED from fangyuanshili0630\FYSLapp\AndroidManifest.xml:284:13-58
activity#com.fysl.app.ui.UserProfileActivity
ADDED from fangyuanshili0630\FYSLapp\AndroidManifest.xml:289:9-292:64
	android:screenOrientation
		ADDED from fangyuanshili0630\FYSLapp\AndroidManifest.xml:291:13-49
	android:theme
		ADDED from fangyuanshili0630\FYSLapp\AndroidManifest.xml:292:13-52
	android:name
		ADDED from fangyuanshili0630\FYSLapp\AndroidManifest.xml:290:13-63
activity#com.fysl.app.main.FirstActivity
ADDED from fangyuanshili0630\FYSLapp\AndroidManifest.xml:293:9-296:64
	android:screenOrientation
		ADDED from fangyuanshili0630\FYSLapp\AndroidManifest.xml:295:13-49
	android:theme
		ADDED from fangyuanshili0630\FYSLapp\AndroidManifest.xml:296:13-52
	android:name
		ADDED from fangyuanshili0630\FYSLapp\AndroidManifest.xml:294:13-59
activity#com.fysl.app.main.RegisterNextActivity
ADDED from fangyuanshili0630\FYSLapp\AndroidManifest.xml:297:9-300:64
	android:screenOrientation
		ADDED from fangyuanshili0630\FYSLapp\AndroidManifest.xml:299:13-49
	android:theme
		ADDED from fangyuanshili0630\FYSLapp\AndroidManifest.xml:300:13-52
	android:name
		ADDED from fangyuanshili0630\FYSLapp\AndroidManifest.xml:298:13-66
activity#com.fysl.app.main.RegionActivity
ADDED from fangyuanshili0630\FYSLapp\AndroidManifest.xml:301:9-304:64
	android:screenOrientation
		ADDED from fangyuanshili0630\FYSLapp\AndroidManifest.xml:303:13-49
	android:theme
		ADDED from fangyuanshili0630\FYSLapp\AndroidManifest.xml:304:13-52
	android:name
		ADDED from fangyuanshili0630\FYSLapp\AndroidManifest.xml:302:13-60
activity#com.fysl.app.main.SignActivity
ADDED from fangyuanshili0630\FYSLapp\AndroidManifest.xml:305:9-308:64
	android:screenOrientation
		ADDED from fangyuanshili0630\FYSLapp\AndroidManifest.xml:307:13-49
	android:theme
		ADDED from fangyuanshili0630\FYSLapp\AndroidManifest.xml:308:13-52
	android:name
		ADDED from fangyuanshili0630\FYSLapp\AndroidManifest.xml:306:13-58
activity#com.fysl.app.main.MyUserInfoActivity
ADDED from fangyuanshili0630\FYSLapp\AndroidManifest.xml:309:9-312:64
	android:screenOrientation
		ADDED from fangyuanshili0630\FYSLapp\AndroidManifest.xml:311:13-49
	android:theme
		ADDED from fangyuanshili0630\FYSLapp\AndroidManifest.xml:312:13-52
	android:name
		ADDED from fangyuanshili0630\FYSLapp\AndroidManifest.xml:310:13-64
activity#com.fysl.app.main.SocialPublishActivity
ADDED from fangyuanshili0630\FYSLapp\AndroidManifest.xml:313:9-316:64
	android:screenOrientation
		ADDED from fangyuanshili0630\FYSLapp\AndroidManifest.xml:315:13-49
	android:theme
		ADDED from fangyuanshili0630\FYSLapp\AndroidManifest.xml:316:13-52
	android:name
		ADDED from fangyuanshili0630\FYSLapp\AndroidManifest.xml:314:13-67
activity#com.fysl.app.main.SettingsActivity
ADDED from fangyuanshili0630\FYSLapp\AndroidManifest.xml:317:9-320:64
	android:screenOrientation
		ADDED from fangyuanshili0630\FYSLapp\AndroidManifest.xml:319:13-49
	android:theme
		ADDED from fangyuanshili0630\FYSLapp\AndroidManifest.xml:320:13-52
	android:name
		ADDED from fangyuanshili0630\FYSLapp\AndroidManifest.xml:318:13-62
receiver#com.fysl.app.receiver.StartServiceReceiver
ADDED from fangyuanshili0630\FYSLapp\AndroidManifest.xml:323:9-330:20
	android:name
		ADDED from fangyuanshili0630\FYSLapp\AndroidManifest.xml:323:19-76
intent-filter#android.intent.action.BOOT_COMPLETED+android.intent.action.QUICKBOOT_POWERON+android.intent.category.LAUNCHER
ADDED from fangyuanshili0630\FYSLapp\AndroidManifest.xml:324:13-329:29
	android:priority
		ADDED from fangyuanshili0630\FYSLapp\AndroidManifest.xml:324:28-51
action#android.intent.action.BOOT_COMPLETED
ADDED from fangyuanshili0630\FYSLapp\AndroidManifest.xml:325:17-79